Project, 'coregen', initialised from file
'C:\Workspace\lvk\doc\SP601-USB-Image_12.3\sp601_brd\SP601_BRD_Src\Logic\ipcore_
dir\coregen.cgp'.
Customizing IP...
Release 12.4 - Xilinx CORE Generator IP GUI Launcher M.81d (nt)
Copyright (c) 1995-2010 Xilinx, Inc.  All rights reserved.
Initializing IP model...
Finished initialising IP model.
Finished Customizing.
Generating IP...
WARNING:sim:89 - A core named <afifo> already exists in the output directory.
   Output products for this core may be overwritten.
Initializing IP model...
Finished initialising IP model.
XST: HDL Parsing
XST: HDL Elaboration
XST: HDL Synthesis
XST: Advanced HDL Synthesis
XST: Low Level Synthesis
Generating Implementation files.
Generating the VHDL wrapper.
Generating ISE symbol file...
Generating NGC file.
Finished Generation Stage.
Generating IP instantiation template...
VHDL instantiation template already present, so not regenerating.
Finished generating IP instantiation template.
Generating metadata file...
Finished generating metadata file.
Generating metadata file...
Finished generating metadata file.
Generating ISE file...
Finished ISE file generation.
Generating FLIST file...
Finished FLIST file generation.
Preparing output directory...
Finished preparing output directory.
Launching readme viewer...
Launched readme viewer.
Moving files to output directory...
Finished moving files to output directory
Saved options for project 'coregen'.
Saved options for project 'coregen'.
