Command line:
   eth_fifo_tst_isim_beh.exe
     -simmode  gui
     -simrunnum  0
     -socket  1730

Sun Feb 20 13:32:08 2011


 Elaboration Time: 0.046875 sec

 Current Memory Usage: 307.368 Meg

 Total Signals          : 107
 Total Nets             : 520
 Total Signal Drivers   : 148
 Total Blocks           : 11
 Total Primitive Blocks : 4
 Total Processes        : 203
 Total Traceable Variables  : 172
 Total Scalar Nets and Variables : 38388
Total Line Count : 622

 Total Simulation Time: 0.5 sec

 Current Memory Usage: 307.368 Meg

Sun Feb 20 13:32:36 2011

